<?xml version="1.0" encoding="UTF-8"?>
<!-- Generated by org.testng.reporters.JUnitReportReporter -->
<testsuite skipped="0" hostname="DESKTOP-E9EN7SR" name="Movie_Test.MovieTestCase" tests="1" failures="0" timestamp="26 Jan 2019 14:29:22 GMT" time="43.715" errors="0">
  <testcase name="MovieTest" time="43.715" classname="Movie_Test.MovieTestCase"/>
</testsuite> <!-- Movie_Test.MovieTestCase -->
